<?xml version="1.0" encoding="UTF-8"?>
<testsuite xmlns:xsi="http://www.w3.org/2001/XMLSchema-instance" xsi:noNamespaceSchemaLocation="https://maven.apache.org/surefire/maven-surefire-plugin/xsd/surefire-test-report.xsd" version="3.0.2" name="com.chessButBetter.chessButBetter.ChessButBetterApplicationTests" time="2.693" tests="1" errors="0" skipped="0" failures="0">
  <properties>
[...]
</properties>
  <testcase name="contextLoads" classname="com.chessButBetter.chessButBetter.ChessButBetterApplicationTests" time="1.022">
    <system-out><![CDATA[19:06:37.358 [main] INFO org.springframework.test.context.support.AnnotationConfigContextLoaderUtils -- Could not detect default configuration classes for test class [com.chessButBetter.chessButBetter.ChessButBetterApplicationTests]: ChessButBetterApplicationTests does not declare any static, non-private, non-final, nested classes annotated with @Configuration.
19:06:37.531 [main] INFO org.springframework.boot.test.context.SpringBootTestContextBootstrapper -- Found @SpringBootConfiguration com.chessButBetter.chessButBetter.ChessButBetterApplication for test class com.chessButBetter.chessButBetter.ChessButBetterApplicationTests

  .   ____          _            __ _ _
 /\\ / ___'_ __ _ _(_)_ __  __ _ \ \ \ \
( ( )\___ | '_ | '_| | '_ \/ _` | \ \ \ \
 \\/  ___)| |_)| | | | | || (_| |  ) ) ) )
  '  |____| .__|_| |_|_| |_\__, | / / / /
 =========|_|==============|___/=/_/_/_/

 :: Spring Boot ::                (v3.4.2)

2025-02-01T19:06:38.145+01:00  INFO 22212 --- [chessButBetter] [           main] c.c.c.ChessButBetterApplicationTests     : Starting ChessButBetterApplicationTests using Java 21.0.2 with PID 22212 (started by Lukas in C:\Users\Lukas\Code\chessButBetter\backend)
2025-02-01T19:06:38.147+01:00  INFO 22212 --- [chessButBetter] [           main] c.c.c.ChessButBetterApplicationTests     : No active profile set, falling back to 1 default profile: "default"
2025-02-01T19:06:38.754+01:00  INFO 22212 --- [chessButBetter] [           main] c.c.c.ChessButBetterApplicationTests     : Started ChessButBetterApplicationTests in 0.979 seconds (process running for 2.262)
]]></system-out>
    <system-err><![CDATA[Mockito is currently self-attaching to enable the inline-mock-maker. This will no longer work in future releases of the JDK. Please add Mockito as an agent to your build what is described in Mockito's documentation: https://javadoc.io/doc/org.mockito/mockito-core/latest/org/mockito/Mockito.html#0.3
WARNING: A Java agent has been loaded dynamically (C:\Users\Lukas\.m2\repository\net\bytebuddy\byte-buddy-agent\1.15.11\byte-buddy-agent-1.15.11.jar)
WARNING: If a serviceability tool is in use, please run with -XX:+EnableDynamicAgentLoading to hide this warning
WARNING: If a serviceability tool is not in use, please run with -Djdk.instrument.traceUsage for more information
WARNING: Dynamic loading of agents will be disallowed by default in a future release
]]></system-err>
  </testcase>
</testsuite>